{"/Users/meowcodes/Documents/rithm-school/week_7/rithm-express-jobly/helpers/partialUpdate.js": {"path":"/Users/meowcodes/Documents/rithm-school/week_7/rithm-express-jobly/helpers/partialUpdate.js","statementMap":{"0":{"start":{"line":19,"column":12},"end":{"line":19,"column":13}},"1":{"start":{"line":20,"column":16},"end":{"line":20,"column":18}},"2":{"start":{"line":23,"column":2},"end":{"line":27,"column":3}},"3":{"start":{"line":24,"column":4},"end":{"line":26,"column":5}},"4":{"start":{"line":25,"column":6},"end":{"line":25,"column":24}},"5":{"start":{"line":29,"column":2},"end":{"line":32,"column":3}},"6":{"start":{"line":30,"column":4},"end":{"line":30,"column":38}},"7":{"start":{"line":31,"column":4},"end":{"line":31,"column":13}},"8":{"start":{"line":35,"column":13},"end":{"line":35,"column":31}},"9":{"start":{"line":36,"column":14},"end":{"line":36,"column":76}},"10":{"start":{"line":38,"column":15},"end":{"line":38,"column":35}},"11":{"start":{"line":39,"column":2},"end":{"line":39,"column":18}},"12":{"start":{"line":41,"column":2},"end":{"line":41,"column":27}},"13":{"start":{"line":44,"column":0},"end":{"line":44,"column":37}}},"fnMap":{"0":{"name":"sqlForPartialUpdate","decl":{"start":{"line":15,"column":9},"end":{"line":15,"column":28}},"loc":{"start":{"line":15,"column":52},"end":{"line":42,"column":1}},"line":15}},"branchMap":{"0":{"loc":{"start":{"line":24,"column":4},"end":{"line":26,"column":5}},"type":"if","locations":[{"start":{"line":24,"column":4},"end":{"line":26,"column":5}},{"start":{"line":24,"column":4},"end":{"line":26,"column":5}}],"line":24}},"s":{"0":1,"1":1,"2":1,"3":3,"4":1,"5":1,"6":2,"7":2,"8":1,"9":1,"10":1,"11":1,"12":1,"13":1},"f":{"0":1},"b":{"0":[1,2]},"_coverageSchema":"43e27e138ebf9cfc5966b082cf9a028302ed4184","hash":"684c9d6c0894be67463bf77f180105cc867541f6"}
,"/Users/meowcodes/Documents/rithm-school/week_7/rithm-express-jobly/helpers/searchQuery.js": {"path":"/Users/meowcodes/Documents/rithm-school/week_7/rithm-express-jobly/helpers/searchQuery.js","statementMap":{"0":{"start":{"line":14,"column":23},"end":{"line":14,"column":38}},"1":{"start":{"line":15,"column":16},"end":{"line":15,"column":52}},"2":{"start":{"line":16,"column":19},"end":{"line":16,"column":21}},"3":{"start":{"line":18,"column":4},"end":{"line":48,"column":5}},"4":{"start":{"line":19,"column":20},"end":{"line":19,"column":58}},"5":{"start":{"line":20,"column":20},"end":{"line":20,"column":47}},"6":{"start":{"line":21,"column":20},"end":{"line":21,"column":56}},"7":{"start":{"line":22,"column":8},"end":{"line":22,"column":57}},"8":{"start":{"line":24,"column":8},"end":{"line":24,"column":25}},"9":{"start":{"line":25,"column":8},"end":{"line":25,"column":25}},"10":{"start":{"line":27,"column":8},"end":{"line":37,"column":9}},"11":{"start":{"line":28,"column":27},"end":{"line":28,"column":42}},"12":{"start":{"line":29,"column":31},"end":{"line":29,"column":46}},"13":{"start":{"line":30,"column":12},"end":{"line":30,"column":27}},"14":{"start":{"line":31,"column":12},"end":{"line":31,"column":51}},"15":{"start":{"line":32,"column":12},"end":{"line":34,"column":13}},"16":{"start":{"line":32,"column":24},"end":{"line":32,"column":25}},"17":{"start":{"line":33,"column":16},"end":{"line":33,"column":57}},"18":{"start":{"line":35,"column":12},"end":{"line":35,"column":25}},"19":{"start":{"line":36,"column":12},"end":{"line":36,"column":39}},"20":{"start":{"line":38,"column":11},"end":{"line":48,"column":5}},"21":{"start":{"line":39,"column":23},"end":{"line":39,"column":38}},"22":{"start":{"line":40,"column":27},"end":{"line":40,"column":42}},"23":{"start":{"line":41,"column":8},"end":{"line":41,"column":52}},"24":{"start":{"line":43,"column":8},"end":{"line":45,"column":9}},"25":{"start":{"line":43,"column":20},"end":{"line":43,"column":21}},"26":{"start":{"line":44,"column":12},"end":{"line":44,"column":53}},"27":{"start":{"line":47,"column":8},"end":{"line":47,"column":35}},"28":{"start":{"line":50,"column":4},"end":{"line":50,"column":29}},"29":{"start":{"line":53,"column":0},"end":{"line":53,"column":30}}},"fnMap":{"0":{"name":"sqlForSearch","decl":{"start":{"line":13,"column":9},"end":{"line":13,"column":21}},"loc":{"start":{"line":13,"column":41},"end":{"line":51,"column":1}},"line":13}},"branchMap":{"0":{"loc":{"start":{"line":18,"column":4},"end":{"line":48,"column":5}},"type":"if","locations":[{"start":{"line":18,"column":4},"end":{"line":48,"column":5}},{"start":{"line":18,"column":4},"end":{"line":48,"column":5}}],"line":18},"1":{"loc":{"start":{"line":18,"column":7},"end":{"line":18,"column":29}},"type":"binary-expr","locations":[{"start":{"line":18,"column":7},"end":{"line":18,"column":16}},{"start":{"line":18,"column":20},"end":{"line":18,"column":29}}],"line":18},"2":{"loc":{"start":{"line":19,"column":20},"end":{"line":19,"column":58}},"type":"cond-expr","locations":[{"start":{"line":19,"column":31},"end":{"line":19,"column":43}},{"start":{"line":19,"column":46},"end":{"line":19,"column":58}}],"line":19},"3":{"loc":{"start":{"line":20,"column":20},"end":{"line":20,"column":47}},"type":"cond-expr","locations":[{"start":{"line":20,"column":31},"end":{"line":20,"column":43}},{"start":{"line":20,"column":46},"end":{"line":20,"column":47}}],"line":20},"4":{"loc":{"start":{"line":21,"column":20},"end":{"line":21,"column":56}},"type":"cond-expr","locations":[{"start":{"line":21,"column":31},"end":{"line":21,"column":43}},{"start":{"line":21,"column":46},"end":{"line":21,"column":56}}],"line":21},"5":{"loc":{"start":{"line":27,"column":8},"end":{"line":37,"column":9}},"type":"if","locations":[{"start":{"line":27,"column":8},"end":{"line":37,"column":9}},{"start":{"line":27,"column":8},"end":{"line":37,"column":9}}],"line":27},"6":{"loc":{"start":{"line":27,"column":11},"end":{"line":27,"column":42}},"type":"binary-expr","locations":[{"start":{"line":27,"column":11},"end":{"line":27,"column":23}},{"start":{"line":27,"column":27},"end":{"line":27,"column":42}}],"line":27},"7":{"loc":{"start":{"line":38,"column":11},"end":{"line":48,"column":5}},"type":"if","locations":[{"start":{"line":38,"column":11},"end":{"line":48,"column":5}},{"start":{"line":38,"column":11},"end":{"line":48,"column":5}}],"line":38},"8":{"loc":{"start":{"line":38,"column":14},"end":{"line":38,"column":45}},"type":"binary-expr","locations":[{"start":{"line":38,"column":14},"end":{"line":38,"column":26}},{"start":{"line":38,"column":30},"end":{"line":38,"column":45}}],"line":38}},"s":{"0":4,"1":4,"2":4,"3":4,"4":3,"5":3,"6":3,"7":3,"8":3,"9":3,"10":3,"11":1,"12":1,"13":1,"14":1,"15":1,"16":1,"17":1,"18":1,"19":1,"20":1,"21":1,"22":1,"23":1,"24":1,"25":1,"26":1,"27":1,"28":4,"29":1},"f":{"0":4},"b":{"0":[3,1],"1":[4,2],"2":[2,1],"3":[2,1],"4":[2,1],"5":[1,2],"6":[3,1],"7":[1,0],"8":[1,1]},"_coverageSchema":"43e27e138ebf9cfc5966b082cf9a028302ed4184","hash":"a69c609eefcd438e1156adff2889946e1210bcd2"}
}
