TN:
SF:/Users/meowcodes/Documents/rithm-school/week_7/rithm-express-jobly/helpers/partialUpdate.js
FN:15,sqlForPartialUpdate
FNF:1
FNH:1
FNDA:1,sqlForPartialUpdate
DA:19,1
DA:20,1
DA:23,1
DA:24,3
DA:25,1
DA:29,1
DA:30,2
DA:31,2
DA:35,1
DA:36,1
DA:38,1
DA:39,1
DA:41,1
DA:44,1
LF:14
LH:14
BRDA:24,0,0,1
BRDA:24,0,1,2
BRF:2
BRH:2
end_of_record
TN:
SF:/Users/meowcodes/Documents/rithm-school/week_7/rithm-express-jobly/helpers/searchQuery.js
FN:13,sqlForSearch
FNF:1
FNH:1
FNDA:4,sqlForSearch
DA:14,4
DA:15,4
DA:16,4
DA:18,4
DA:19,3
DA:20,3
DA:21,3
DA:22,3
DA:24,3
DA:25,3
DA:27,3
DA:28,1
DA:29,1
DA:30,1
DA:31,1
DA:32,1
DA:33,1
DA:35,1
DA:36,1
DA:38,1
DA:39,1
DA:40,1
DA:41,1
DA:43,1
DA:44,1
DA:47,1
DA:50,4
DA:53,1
LF:28
LH:28
BRDA:18,0,0,3
BRDA:18,0,1,1
BRDA:18,1,0,4
BRDA:18,1,1,2
BRDA:19,2,0,2
BRDA:19,2,1,1
BRDA:20,3,0,2
BRDA:20,3,1,1
BRDA:21,4,0,2
BRDA:21,4,1,1
BRDA:27,5,0,1
BRDA:27,5,1,2
BRDA:27,6,0,3
BRDA:27,6,1,1
BRDA:38,7,0,1
BRDA:38,7,1,0
BRDA:38,8,0,1
BRDA:38,8,1,1
BRF:18
BRH:17
end_of_record
